<?xml version="1.0" encoding="UTF-8"?>
<!-- Generated by org.testng.reporters.JUnitXMLReporter -->
<testsuite ignored="0" hostname="LTIN368623" failures="0" tests="3" name="Default test" time="94.164" errors="0" timestamp="2024-11-04T21:37:09 IST">
  <testcase classname="endtoendOrder.PurchasingAnItem" name="puchaseItem" time="16.103"/>
  <testcase classname="endtoendOrder.PurchasingAnItem" name="puchaseItem" time="15.814"/>
  <testcase classname="endtoendOrder.PurchasingAnItem" name="verifyOrederedItems" time="2.855"/>
</testsuite> <!-- Default test -->
