<?xml version="1.0" encoding="UTF-8"?>
<!-- Generated by org.testng.reporters.JUnitXMLReporter -->
<testsuite ignored="0" hostname="LTIN368623" failures="2" tests="2" name="Error Validation" time="26.088" errors="0" timestamp="2024-11-10T15:31:41 IST">
  <testcase classname="endtoendOrder.ErrorValidation" name="errorProductValidation" time="2.96">
    <failure type="java.lang.AssertionError" message="expected [true] but found [false]">
      <![CDATA[java.lang.AssertionError: expected [true] but found [false]
at endtoendOrder.ErrorValidation.errorProductValidation(ErrorValidation.java:33)
at java.base/java.util.ArrayList.forEach(ArrayList.java:1511)
... Removed 31 stack frames]]>
    </failure>
  </testcase> <!-- errorProductValidation -->
  <testcase classname="endtoendOrder.ErrorValidation" name="verifyErrormessage" time="0.598">
    <failure type="java.lang.AssertionError" message="expected [Incorrect email or password.] but found [Incorrect email  password.]">
      <![CDATA[java.lang.AssertionError: expected [Incorrect email or password.] but found [Incorrect email  password.]
at endtoendOrder.ErrorValidation.verifyErrormessage(ErrorValidation.java:24)
at java.base/java.util.ArrayList.forEach(ArrayList.java:1511)
... Removed 33 stack frames]]>
    </failure>
  </testcase> <!-- verifyErrormessage -->
</testsuite> <!-- Error Validation -->
