<?xml version="1.0" encoding="UTF-8"?>
<!-- Generated by org.testng.reporters.JUnitXMLReporter -->
<testsuite ignored="0" hostname="LAPTOP-T73QF32A" failures="0" tests="3" name="Submitting an order" time="43.809" errors="0" timestamp="2025-04-11T08:49:41 IST">
  <testcase classname="endtoendOrder.PurchasingAnItem" name="puchaseItem" time="16.001"/>
  <testcase classname="endtoendOrder.PurchasingAnItem" name="puchaseItem" time="15.856"/>
  <testcase classname="endtoendOrder.PurchasingAnItem" name="verifyOrederedItems" time="2.673"/>
</testsuite> <!-- Submitting an order -->
