<?xml version="1.0" encoding="UTF-8"?>
<!-- Generated by org.testng.reporters.JUnitXMLReporter -->
<testsuite ignored="0" hostname="LTIN368623" failures="0" tests="3" name="Submitting an order" time="70.149" errors="0" timestamp="2024-11-10T15:31:15 IST">
  <testcase classname="endtoendOrder.PurchasingAnItem" name="puchaseItem" time="15.957"/>
  <testcase classname="endtoendOrder.PurchasingAnItem" name="puchaseItem" time="16.031"/>
  <testcase classname="endtoendOrder.PurchasingAnItem" name="verifyOrederedItems" time="2.937"/>
</testsuite> <!-- Submitting an order -->
