<?xml version="1.0" encoding="UTF-8"?>
<!-- Generated by org.testng.reporters.JUnitXMLReporter -->
<testsuite ignored="0" hostname="LTIN368623" failures="2" tests="2" name="Error Validation" time="22.041" errors="0" timestamp="2024-11-30T09:02:36 IST">
  <testcase classname="endtoendOrder.ErrorValidation" name="errorProductValidation" time="2.833">
    <failure type="java.lang.AssertionError" message="expected [true] but found [false]">
      <![CDATA[java.lang.AssertionError: expected [true] but found [false]
at endtoendOrder.ErrorValidation.errorProductValidation(ErrorValidation.java:33)
at java.base/java.util.ArrayList.forEach(ArrayList.java:1511)
... Removed 35 stack frames]]>
    </failure>
  </testcase> <!-- errorProductValidation -->
  <testcase classname="endtoendOrder.ErrorValidation" name="verifyErrormessage" time="0.791">
    <failure type="java.lang.AssertionError" message="expected [Incorrect email or password.] but found [Incorrect email  password.]">
      <![CDATA[java.lang.AssertionError: expected [Incorrect email or password.] but found [Incorrect email  password.]
at endtoendOrder.ErrorValidation.verifyErrormessage(ErrorValidation.java:24)
at java.base/java.util.ArrayList.forEach(ArrayList.java:1511)
... Removed 37 stack frames]]>
    </failure>
  </testcase> <!-- verifyErrormessage -->
</testsuite> <!-- Error Validation -->
