<?xml version="1.0" encoding="UTF-8"?>
<!-- Generated by org.testng.reporters.JUnitXMLReporter -->
<testsuite ignored="0" hostname="LAPTOP-T73QF32A" failures="0" tests="3" name="Submitting an order" time="51.099" errors="0" timestamp="2025-04-11T08:47:20 IST">
  <testcase classname="endtoendOrder.PurchasingAnItem" name="puchaseItem" time="16.55"/>
  <testcase classname="endtoendOrder.PurchasingAnItem" name="puchaseItem" time="15.97"/>
  <testcase classname="endtoendOrder.PurchasingAnItem" name="verifyOrederedItems" time="2.723"/>
</testsuite> <!-- Submitting an order -->
