<?xml version="1.0" encoding="UTF-8"?>
<!-- Generated by org.testng.reporters.JUnitXMLReporter -->
<testsuite ignored="0" hostname="LAPTOP-T73QF32A" failures="0" tests="3" name="Submitting an order" time="52.175" errors="0" timestamp="2025-04-12T22:50:32 IST">
  <testcase classname="endtoendOrder.PurchasingAnItem" name="puchaseItem" time="15.517"/>
  <testcase classname="endtoendOrder.PurchasingAnItem" name="puchaseItem" time="16.648"/>
  <testcase classname="endtoendOrder.PurchasingAnItem" name="verifyOrederedItems" time="2.612"/>
</testsuite> <!-- Submitting an order -->
