<?xml version="1.0" encoding="UTF-8"?>
<testng-results ignored="0" total="3" passed="3" failed="0" skipped="0">
  <reporter-output>
  </reporter-output>
  <suite started-at="2025-04-12T22:49:40 IST" name="Suite" finished-at="2025-04-12T22:50:32 IST" duration-ms="52175">
    <groups>
    </groups>
    <test started-at="2025-04-12T22:49:40 IST" name="Submitting an order" finished-at="2025-04-12T22:50:32 IST" duration-ms="52175">
      <class name="endtoendOrder.PurchasingAnItem">
        <test-method is-config="true" signature="loginApp()[pri:0, instance:endtoendOrder.PurchasingAnItem@2c07545f]" started-at="2025-04-12T22:49:40 IST" name="loginApp" finished-at="2025-04-12T22:49:49 IST" duration-ms="8862" status="PASS">
          <reporter-output>
          </reporter-output>
        </test-method> <!-- loginApp -->
        <test-method signature="puchaseItem(java.lang.String,java.lang.String,java.lang.String,java.lang.String)[pri:0, instance:endtoendOrder.PurchasingAnItem@2c07545f]" started-at="2025-04-12T22:49:49 IST" name="puchaseItem" data-provider="getData" finished-at="2025-04-12T22:50:04 IST" duration-ms="15517" status="PASS">
          <params>
            <param index="0">
              <value>
                <![CDATA[swamy@test.com]]>
              </value>
            </param>
            <param index="1">
              <value>
                <![CDATA[Virat@183]]>
              </value>
            </param>
            <param index="2">
              <value>
                <![CDATA[ADIDAS ORIGINAL]]>
              </value>
            </param>
            <param index="3">
              <value>
                <![CDATA[Iphone 13 pro]]>
              </value>
            </param>
          </params>
          <reporter-output>
          </reporter-output>
        </test-method> <!-- puchaseItem -->
        <test-method is-config="true" signature="closeBrowser()[pri:0, instance:endtoendOrder.PurchasingAnItem@2c07545f]" started-at="2025-04-12T22:50:04 IST" name="closeBrowser" finished-at="2025-04-12T22:50:05 IST" duration-ms="243" status="PASS">
          <reporter-output>
          </reporter-output>
        </test-method> <!-- closeBrowser -->
        <test-method is-config="true" signature="loginApp()[pri:0, instance:endtoendOrder.PurchasingAnItem@2c07545f]" started-at="2025-04-12T22:50:05 IST" name="loginApp" finished-at="2025-04-12T22:50:09 IST" duration-ms="3830" status="PASS">
          <reporter-output>
          </reporter-output>
        </test-method> <!-- loginApp -->
        <test-method signature="puchaseItem(java.lang.String,java.lang.String,java.lang.String,java.lang.String)[pri:0, instance:endtoendOrder.PurchasingAnItem@2c07545f]" started-at="2025-04-12T22:50:09 IST" name="puchaseItem" data-provider="getData" finished-at="2025-04-12T22:50:25 IST" duration-ms="16648" status="PASS">
          <params>
            <param index="0">
              <value>
                <![CDATA[swamy@test.com]]>
              </value>
            </param>
            <param index="1">
              <value>
                <![CDATA[Virat@183]]>
              </value>
            </param>
            <param index="2">
              <value>
                <![CDATA[ADIDAS ORIGINAL]]>
              </value>
            </param>
            <param index="3">
              <value>
                <![CDATA[ZARA COAT 3]]>
              </value>
            </param>
          </params>
          <reporter-output>
          </reporter-output>
        </test-method> <!-- puchaseItem -->
        <test-method is-config="true" signature="closeBrowser()[pri:0, instance:endtoendOrder.PurchasingAnItem@2c07545f]" started-at="2025-04-12T22:50:25 IST" name="closeBrowser" finished-at="2025-04-12T22:50:26 IST" duration-ms="443" status="PASS">
          <reporter-output>
          </reporter-output>
        </test-method> <!-- closeBrowser -->
        <test-method is-config="true" signature="loginApp()[pri:0, instance:endtoendOrder.PurchasingAnItem@2c07545f]" started-at="2025-04-12T22:50:26 IST" name="loginApp" finished-at="2025-04-12T22:50:29 IST" duration-ms="3746" status="PASS">
          <reporter-output>
          </reporter-output>
        </test-method> <!-- loginApp -->
        <test-method signature="verifyOrederedItems()[pri:0, instance:endtoendOrder.PurchasingAnItem@2c07545f]" started-at="2025-04-12T22:50:29 IST" name="verifyOrederedItems" finished-at="2025-04-12T22:50:32 IST" depends-on-methods="endtoendOrder.PurchasingAnItem.puchaseItem" duration-ms="2612" status="PASS">
          <reporter-output>
          </reporter-output>
        </test-method> <!-- verifyOrederedItems -->
        <test-method is-config="true" signature="closeBrowser()[pri:0, instance:endtoendOrder.PurchasingAnItem@2c07545f]" started-at="2025-04-12T22:50:32 IST" name="closeBrowser" finished-at="2025-04-12T22:50:32 IST" duration-ms="202" status="PASS">
          <reporter-output>
          </reporter-output>
        </test-method> <!-- closeBrowser -->
      </class> <!-- endtoendOrder.PurchasingAnItem -->
    </test> <!-- Submitting an order -->
  </suite> <!-- Suite -->
</testng-results>
