<?xml version="1.0" encoding="UTF-8"?>
<testng-results ignored="0" total="3" passed="3" failed="0" skipped="0">
  <reporter-output>
  </reporter-output>
  <suite started-at="2025-04-11T08:48:57 IST" name="Suite" finished-at="2025-04-11T08:49:41 IST" duration-ms="43809">
    <groups>
    </groups>
    <test started-at="2025-04-11T08:48:57 IST" name="Submitting an order" finished-at="2025-04-11T08:49:41 IST" duration-ms="43809">
      <class name="endtoendOrder.PurchasingAnItem">
        <test-method is-config="true" signature="loginApp()[pri:0, instance:endtoendOrder.PurchasingAnItem@77128536]" started-at="2025-04-11T08:48:57 IST" name="loginApp" finished-at="2025-04-11T08:49:01 IST" duration-ms="3993" status="PASS">
          <reporter-output>
          </reporter-output>
        </test-method> <!-- loginApp -->
        <test-method signature="puchaseItem(java.lang.String,java.lang.String,java.lang.String,java.lang.String)[pri:0, instance:endtoendOrder.PurchasingAnItem@77128536]" started-at="2025-04-11T08:49:01 IST" name="puchaseItem" data-provider="getData" finished-at="2025-04-11T08:49:17 IST" duration-ms="16001" status="PASS">
          <params>
            <param index="0">
              <value>
                <![CDATA[swamy@test.com]]>
              </value>
            </param>
            <param index="1">
              <value>
                <![CDATA[Virat@183]]>
              </value>
            </param>
            <param index="2">
              <value>
                <![CDATA[ADIDAS ORIGINAL]]>
              </value>
            </param>
            <param index="3">
              <value>
                <![CDATA[Iphone 13 pro]]>
              </value>
            </param>
          </params>
          <reporter-output>
          </reporter-output>
        </test-method> <!-- puchaseItem -->
        <test-method is-config="true" signature="closeBrowser()[pri:0, instance:endtoendOrder.PurchasingAnItem@77128536]" started-at="2025-04-11T08:49:17 IST" name="closeBrowser" finished-at="2025-04-11T08:49:17 IST" duration-ms="429" status="PASS">
          <reporter-output>
          </reporter-output>
        </test-method> <!-- closeBrowser -->
        <test-method is-config="true" signature="loginApp()[pri:0, instance:endtoendOrder.PurchasingAnItem@77128536]" started-at="2025-04-11T08:49:17 IST" name="loginApp" finished-at="2025-04-11T08:49:19 IST" duration-ms="2111" status="PASS">
          <reporter-output>
          </reporter-output>
        </test-method> <!-- loginApp -->
        <test-method signature="puchaseItem(java.lang.String,java.lang.String,java.lang.String,java.lang.String)[pri:0, instance:endtoendOrder.PurchasingAnItem@77128536]" started-at="2025-04-11T08:49:19 IST" name="puchaseItem" data-provider="getData" finished-at="2025-04-11T08:49:35 IST" duration-ms="15856" status="PASS">
          <params>
            <param index="0">
              <value>
                <![CDATA[swamy@test.com]]>
              </value>
            </param>
            <param index="1">
              <value>
                <![CDATA[Virat@183]]>
              </value>
            </param>
            <param index="2">
              <value>
                <![CDATA[ADIDAS ORIGINAL]]>
              </value>
            </param>
            <param index="3">
              <value>
                <![CDATA[ZARA COAT 3]]>
              </value>
            </param>
          </params>
          <reporter-output>
          </reporter-output>
        </test-method> <!-- puchaseItem -->
        <test-method is-config="true" signature="closeBrowser()[pri:0, instance:endtoendOrder.PurchasingAnItem@77128536]" started-at="2025-04-11T08:49:35 IST" name="closeBrowser" finished-at="2025-04-11T08:49:36 IST" duration-ms="395" status="PASS">
          <reporter-output>
          </reporter-output>
        </test-method> <!-- closeBrowser -->
        <test-method is-config="true" signature="loginApp()[pri:0, instance:endtoendOrder.PurchasingAnItem@77128536]" started-at="2025-04-11T08:49:36 IST" name="loginApp" finished-at="2025-04-11T08:49:38 IST" duration-ms="2047" status="PASS">
          <reporter-output>
          </reporter-output>
        </test-method> <!-- loginApp -->
        <test-method signature="verifyOrederedItems()[pri:0, instance:endtoendOrder.PurchasingAnItem@77128536]" started-at="2025-04-11T08:49:38 IST" name="verifyOrederedItems" finished-at="2025-04-11T08:49:40 IST" depends-on-methods="endtoendOrder.PurchasingAnItem.puchaseItem" duration-ms="2673" status="PASS">
          <reporter-output>
          </reporter-output>
        </test-method> <!-- verifyOrederedItems -->
        <test-method is-config="true" signature="closeBrowser()[pri:0, instance:endtoendOrder.PurchasingAnItem@77128536]" started-at="2025-04-11T08:49:40 IST" name="closeBrowser" finished-at="2025-04-11T08:49:41 IST" duration-ms="225" status="PASS">
          <reporter-output>
          </reporter-output>
        </test-method> <!-- closeBrowser -->
      </class> <!-- endtoendOrder.PurchasingAnItem -->
    </test> <!-- Submitting an order -->
  </suite> <!-- Suite -->
</testng-results>
