<?xml version="1.0" encoding="UTF-8"?>
<!-- Generated by org.testng.reporters.JUnitReportReporter -->
<testsuite hostname="LAPTOP-T73QF32A" failures="0" tests="3" name="endtoendOrder.PurchasingAnItem" time="43.730" errors="0" timestamp="2025-04-11T08:49:42 IST" skipped="0">
  <testcase classname="endtoendOrder.PurchasingAnItem" name="verifyOrederedItems" time="4.945"/>
  <system-out/>
  <testcase classname="endtoendOrder.PurchasingAnItem" name="puchaseItem" time="18.507"/>
  <system-out/>
  <testcase classname="endtoendOrder.PurchasingAnItem" name="puchaseItem" time="20.278"/>
  <system-out/>
</testsuite> <!-- endtoendOrder.PurchasingAnItem -->
