<?xml version="1.0" encoding="UTF-8"?>
<!-- Generated by org.testng.reporters.JUnitReportReporter -->
<testsuite hostname="LAPTOP-T73QF32A" failures="0" tests="3" name="endtoendOrder.PurchasingAnItem" time="52.103" errors="0" timestamp="2025-04-12T22:50:33 IST" skipped="0">
  <testcase classname="endtoendOrder.PurchasingAnItem" name="puchaseItem" time="25.753"/>
  <testcase classname="endtoendOrder.PurchasingAnItem" name="puchaseItem" time="19.790"/>
  <testcase classname="endtoendOrder.PurchasingAnItem" name="verifyOrederedItems" time="6.560"/>
</testsuite> <!-- endtoendOrder.PurchasingAnItem -->
